0 info it worked if it ends with ok
1 verbose cli [ '/usr/local/bin/node',
1 verbose cli   '/usr/local/bin/npm',
1 verbose cli   'install',
1 verbose cli   'react-addons-test-utils',
1 verbose cli   '--save-dev' ]
2 info using npm@2.14.20
3 info using node@v4.4.0
4 verbose install initial load of /Users/riibarra/Source/otherApps/one/package.json
5 verbose installManyTop reading scoped package data from /Users/riibarra/Source/otherApps/one/node_modules/babel-core/package.json
6 verbose installManyTop reading scoped package data from /Users/riibarra/Source/otherApps/one/node_modules/babel-loader/package.json
7 verbose installManyTop reading scoped package data from /Users/riibarra/Source/otherApps/one/node_modules/babel-plugin-transform-decorators-legacy/package.json
8 verbose installManyTop reading scoped package data from /Users/riibarra/Source/otherApps/one/node_modules/babel-preset-es2015/package.json
9 verbose installManyTop reading scoped package data from /Users/riibarra/Source/otherApps/one/node_modules/babel-preset-react/package.json
10 verbose installManyTop reading scoped package data from /Users/riibarra/Source/otherApps/one/node_modules/babel-preset-stage-0/package.json
11 verbose installManyTop reading scoped package data from /Users/riibarra/Source/otherApps/one/node_modules/babel-register/package.json
12 verbose installManyTop reading scoped package data from /Users/riibarra/Source/otherApps/one/node_modules/chai/package.json
13 verbose installManyTop reading scoped package data from /Users/riibarra/Source/otherApps/one/node_modules/css-loader/package.json
14 verbose installManyTop reading scoped package data from /Users/riibarra/Source/otherApps/one/node_modules/enzyme/package.json
15 verbose installManyTop reading scoped package data from /Users/riibarra/Source/otherApps/one/node_modules/firebase/package.json
16 verbose installManyTop reading scoped package data from /Users/riibarra/Source/otherApps/one/node_modules/lodash/package.json
17 verbose installManyTop reading scoped package data from /Users/riibarra/Source/otherApps/one/node_modules/node-sass/package.json
18 verbose installManyTop reading scoped package data from /Users/riibarra/Source/otherApps/one/node_modules/react/package.json
19 verbose installManyTop reading scoped package data from /Users/riibarra/Source/otherApps/one/node_modules/react-dom/package.json
20 verbose installManyTop reading scoped package data from /Users/riibarra/Source/otherApps/one/node_modules/react-hot-loader/package.json
21 verbose installManyTop reading scoped package data from /Users/riibarra/Source/otherApps/one/node_modules/react-router/package.json
22 verbose installManyTop reading scoped package data from /Users/riibarra/Source/otherApps/one/node_modules/react-tap-event-plugin/package.json
23 verbose installManyTop reading scoped package data from /Users/riibarra/Source/otherApps/one/node_modules/reflux/package.json
24 verbose installManyTop reading scoped package data from /Users/riibarra/Source/otherApps/one/node_modules/sass-loader/package.json
25 verbose installManyTop reading scoped package data from /Users/riibarra/Source/otherApps/one/node_modules/style-loader/package.json
26 verbose installManyTop reading scoped package data from /Users/riibarra/Source/otherApps/one/node_modules/webpack/package.json
27 info package.json firebase@2.4.2 No license field.
28 info package.json react-tap-event-plugin@0.2.2 No license field.
29 verbose readDependencies loading dependencies from /Users/riibarra/Source/otherApps/one/package.json
30 silly cache add args [ 'react-addons-test-utils', null ]
31 verbose cache add spec react-addons-test-utils
32 silly cache add parsed spec Result {
32 silly cache add   raw: 'react-addons-test-utils',
32 silly cache add   scope: null,
32 silly cache add   name: 'react-addons-test-utils',
32 silly cache add   rawSpec: '',
32 silly cache add   spec: 'latest',
32 silly cache add   type: 'tag' }
33 silly addNamed react-addons-test-utils@latest
34 verbose addNamed "latest" is being treated as a dist-tag for react-addons-test-utils
35 info addNameTag [ 'react-addons-test-utils', 'latest' ]
36 silly mapToRegistry name react-addons-test-utils
37 silly mapToRegistry using default registry
38 silly mapToRegistry registry https://registry.npmjs.org/
39 silly mapToRegistry uri https://registry.npmjs.org/react-addons-test-utils
40 verbose addNameTag registry:https://registry.npmjs.org/react-addons-test-utils not in flight; fetching
41 verbose request uri https://registry.npmjs.org/react-addons-test-utils
42 verbose request no auth needed
43 info attempt registry request try #1 at 8:54:49 PM
44 verbose request id 54268645e5eeaef5
45 verbose etag "DKER2LO1VUR64MBK7GOYESW43"
46 http request GET https://registry.npmjs.org/react-addons-test-utils
47 http 200 https://registry.npmjs.org/react-addons-test-utils
48 verbose headers { server: 'CouchDB/1.5.0 (Erlang OTP/R16B03)',
48 verbose headers   etag: '"AGLJ144BYU2GQSJNLISVTFLL"',
48 verbose headers   'content-type': 'application/json',
48 verbose headers   'content-encoding': 'gzip',
48 verbose headers   'cache-control': 'max-age=300',
48 verbose headers   'content-length': '3574',
48 verbose headers   'accept-ranges': 'bytes',
48 verbose headers   date: 'Mon, 09 May 2016 03:54:49 GMT',
48 verbose headers   via: '1.1 varnish',
48 verbose headers   age: '273',
48 verbose headers   connection: 'keep-alive',
48 verbose headers   'x-served-by': 'cache-ord1751-ORD',
48 verbose headers   'x-cache': 'HIT',
48 verbose headers   'x-cache-hits': '1',
48 verbose headers   'x-timer': 'S1462766089.639963,VS0,VE0',
48 verbose headers   vary: 'Accept-Encoding' }
49 silly get cb [ 200,
49 silly get   { server: 'CouchDB/1.5.0 (Erlang OTP/R16B03)',
49 silly get     etag: '"AGLJ144BYU2GQSJNLISVTFLL"',
49 silly get     'content-type': 'application/json',
49 silly get     'content-encoding': 'gzip',
49 silly get     'cache-control': 'max-age=300',
49 silly get     'content-length': '3574',
49 silly get     'accept-ranges': 'bytes',
49 silly get     date: 'Mon, 09 May 2016 03:54:49 GMT',
49 silly get     via: '1.1 varnish',
49 silly get     age: '273',
49 silly get     connection: 'keep-alive',
49 silly get     'x-served-by': 'cache-ord1751-ORD',
49 silly get     'x-cache': 'HIT',
49 silly get     'x-cache-hits': '1',
49 silly get     'x-timer': 'S1462766089.639963,VS0,VE0',
49 silly get     vary: 'Accept-Encoding' } ]
50 verbose get saving react-addons-test-utils to /Users/riibarra/.npm/registry.npmjs.org/react-addons-test-utils/.cache.json
51 verbose correctMkdir /Users/riibarra/.npm correctMkdir not in flight; initializing
52 silly addNameTag next cb for react-addons-test-utils with tag latest
53 silly addNamed react-addons-test-utils@15.0.2
54 verbose addNamed "15.0.2" is a plain semver version for react-addons-test-utils
55 silly mapToRegistry name react-addons-test-utils
56 silly mapToRegistry using default registry
57 silly mapToRegistry registry https://registry.npmjs.org/
58 silly mapToRegistry uri https://registry.npmjs.org/react-addons-test-utils
59 verbose addRemoteTarball https://registry.npmjs.org/react-addons-test-utils/-/react-addons-test-utils-15.0.2.tgz not in flight; adding
60 verbose addRemoteTarball [ 'https://registry.npmjs.org/react-addons-test-utils/-/react-addons-test-utils-15.0.2.tgz',
60 verbose addRemoteTarball   '43457b8b42ecc28690cb18d61bedd99db248cf93' ]
61 info retry fetch attempt 1 at 8:54:49 PM
62 info attempt registry request try #1 at 8:54:49 PM
63 http fetch GET https://registry.npmjs.org/react-addons-test-utils/-/react-addons-test-utils-15.0.2.tgz
64 http fetch 200 https://registry.npmjs.org/react-addons-test-utils/-/react-addons-test-utils-15.0.2.tgz
65 silly fetchAndShaCheck shasum 43457b8b42ecc28690cb18d61bedd99db248cf93
66 verbose addTmpTarball /var/folders/t9/r7jt9s6s0716fwbb6k2cpg6c3952bv/T/npm-1441-e748b6d7/registry.npmjs.org/react-addons-test-utils/-/react-addons-test-utils-15.0.2.tgz not in flight; adding
67 verbose addTmpTarball already have metadata; skipping unpack for react-addons-test-utils@15.0.2
68 verbose correctMkdir /Users/riibarra/.npm correctMkdir not in flight; initializing
69 silly cache afterAdd react-addons-test-utils@15.0.2
70 verbose afterAdd /Users/riibarra/.npm/react-addons-test-utils/15.0.2/package/package.json not in flight; writing
71 verbose correctMkdir /Users/riibarra/.npm correctMkdir not in flight; initializing
72 verbose afterAdd /Users/riibarra/.npm/react-addons-test-utils/15.0.2/package/package.json written
73 silly install resolved [ { name: 'react-addons-test-utils',
73 silly install resolved     version: '15.0.2',
73 silly install resolved     main: 'index.js',
73 silly install resolved     repository:
73 silly install resolved      { type: 'git',
73 silly install resolved        url: 'git+https://github.com/facebook/react.git' },
73 silly install resolved     keywords: [ 'react', 'react-addon' ],
73 silly install resolved     license: 'BSD-3-Clause',
73 silly install resolved     dependencies: {},
73 silly install resolved     peerDependencies: { react: '^15.0.2' },
73 silly install resolved     description: 'This package provides the React TestUtils add-on.',
73 silly install resolved     bugs: { url: 'https://github.com/facebook/react/issues' },
73 silly install resolved     homepage: 'https://github.com/facebook/react#readme',
73 silly install resolved     _id: 'react-addons-test-utils@15.0.2',
73 silly install resolved     _shasum: '43457b8b42ecc28690cb18d61bedd99db248cf93',
73 silly install resolved     _resolved: 'https://registry.npmjs.org/react-addons-test-utils/-/react-addons-test-utils-15.0.2.tgz',
73 silly install resolved     _from: 'react-addons-test-utils@latest',
73 silly install resolved     scripts: {},
73 silly install resolved     _npmVersion: '2.15.1',
73 silly install resolved     _nodeVersion: '4.4.3',
73 silly install resolved     _npmUser: { name: 'zpao', email: 'paul@oshannessy.com' },
73 silly install resolved     maintainers: [ [Object], [Object], [Object], [Object], [Object] ],
73 silly install resolved     dist:
73 silly install resolved      { shasum: '43457b8b42ecc28690cb18d61bedd99db248cf93',
73 silly install resolved        tarball: 'https://registry.npmjs.org/react-addons-test-utils/-/react-addons-test-utils-15.0.2.tgz' },
73 silly install resolved     _npmOperationalInternal:
73 silly install resolved      { host: 'packages-12-west.internal.npmjs.com',
73 silly install resolved        tmp: 'tmp/react-addons-test-utils-15.0.2.tgz_1461976691875_0.39594423305243254' },
73 silly install resolved     directories: {} } ]
74 info install react-addons-test-utils@15.0.2 into /Users/riibarra/Source/otherApps/one
75 info installOne react-addons-test-utils@15.0.2
76 verbose installOne of react-addons-test-utils to /Users/riibarra/Source/otherApps/one not in flight; installing
77 verbose correctMkdir /Users/riibarra/.npm/_locks correctMkdir not in flight; initializing
78 verbose lock using /Users/riibarra/.npm/_locks/react-addons-test-utils-9eb97b1630ba8460.lock for /Users/riibarra/Source/otherApps/one/node_modules/react-addons-test-utils
79 silly install write writing react-addons-test-utils 15.0.2 to /Users/riibarra/Source/otherApps/one/node_modules/react-addons-test-utils
80 verbose unbuild node_modules/react-addons-test-utils
81 silly gentlyRm /Users/riibarra/Source/otherApps/one/node_modules/react-addons-test-utils is being purged from base /Users/riibarra/Source/otherApps/one
82 verbose gentlyRm don't care about contents; nuking /Users/riibarra/Source/otherApps/one/node_modules/react-addons-test-utils
83 verbose tar unpack /Users/riibarra/.npm/react-addons-test-utils/15.0.2/package.tgz
84 verbose tar unpacking to /Users/riibarra/Source/otherApps/one/node_modules/react-addons-test-utils
85 silly gentlyRm /Users/riibarra/Source/otherApps/one/node_modules/react-addons-test-utils is being purged
86 verbose gentlyRm don't care about contents; nuking /Users/riibarra/Source/otherApps/one/node_modules/react-addons-test-utils
87 silly gunzTarPerm modes [ '755', '644' ]
88 silly gunzTarPerm extractEntry package.json
89 silly gunzTarPerm extractEntry README.md
90 silly gunzTarPerm extractEntry LICENSE
91 silly gunzTarPerm extractEntry index.js
92 silly gunzTarPerm extractEntry PATENTS
93 verbose write writing to /Users/riibarra/Source/otherApps/one/node_modules/react-addons-test-utils/package.json
94 info preinstall react-addons-test-utils@15.0.2
95 verbose readDependencies loading dependencies from /Users/riibarra/Source/otherApps/one/node_modules/react-addons-test-utils/package.json
96 silly prepareForInstallMany adding react@^15.0.2 from react-addons-test-utils peerDependencies
97 warn peerDependencies The peer dependency react@^15.0.2 included from react-addons-test-utils will no
98 warn peerDependencies longer be automatically installed to fulfill the peerDependency
99 warn peerDependencies in npm 3+. Your application will need to depend on it explicitly.
100 verbose readDependencies loading dependencies from /Users/riibarra/Source/otherApps/one/node_modules/react-addons-test-utils/package.json
101 silly install resolved []
102 verbose about to build /Users/riibarra/Source/otherApps/one/node_modules/react-addons-test-utils
103 info build /Users/riibarra/Source/otherApps/one/node_modules/react-addons-test-utils
104 info linkStuff react-addons-test-utils@15.0.2
105 silly linkStuff react-addons-test-utils@15.0.2 has /Users/riibarra/Source/otherApps/one/node_modules as its parent node_modules
106 verbose linkBins react-addons-test-utils@15.0.2
107 verbose linkMans react-addons-test-utils@15.0.2
108 verbose rebuildBundles react-addons-test-utils@15.0.2
109 info install react-addons-test-utils@15.0.2
110 info postinstall react-addons-test-utils@15.0.2
111 verbose readDependencies loading dependencies from /Users/riibarra/Source/otherApps/one/package.json
112 verbose targetResolver reading package data from /Users/riibarra/Source/otherApps/one/node_modules/babel-core/package.json
113 verbose targetResolver reading package data from /Users/riibarra/Source/otherApps/one/node_modules/babel-loader/package.json
114 verbose targetResolver reading package data from /Users/riibarra/Source/otherApps/one/node_modules/babel-plugin-transform-decorators-legacy/package.json
115 verbose targetResolver reading package data from /Users/riibarra/Source/otherApps/one/node_modules/babel-preset-es2015/package.json
116 verbose targetResolver reading package data from /Users/riibarra/Source/otherApps/one/node_modules/babel-preset-react/package.json
117 verbose targetResolver reading package data from /Users/riibarra/Source/otherApps/one/node_modules/babel-preset-stage-0/package.json
118 verbose targetResolver reading package data from /Users/riibarra/Source/otherApps/one/node_modules/babel-register/package.json
119 verbose targetResolver reading package data from /Users/riibarra/Source/otherApps/one/node_modules/chai/package.json
120 verbose targetResolver reading package data from /Users/riibarra/Source/otherApps/one/node_modules/css-loader/package.json
121 verbose targetResolver reading package data from /Users/riibarra/Source/otherApps/one/node_modules/enzyme/package.json
122 verbose targetResolver reading package data from /Users/riibarra/Source/otherApps/one/node_modules/firebase/package.json
123 verbose targetResolver reading package data from /Users/riibarra/Source/otherApps/one/node_modules/lodash/package.json
124 verbose targetResolver reading package data from /Users/riibarra/Source/otherApps/one/node_modules/node-sass/package.json
125 verbose targetResolver reading package data from /Users/riibarra/Source/otherApps/one/node_modules/react/package.json
126 verbose targetResolver reading package data from /Users/riibarra/Source/otherApps/one/node_modules/react-addons-test-utils/package.json
127 verbose targetResolver reading package data from /Users/riibarra/Source/otherApps/one/node_modules/react-dom/package.json
128 verbose targetResolver reading package data from /Users/riibarra/Source/otherApps/one/node_modules/react-hot-loader/package.json
129 verbose targetResolver reading package data from /Users/riibarra/Source/otherApps/one/node_modules/react-router/package.json
130 verbose targetResolver reading package data from /Users/riibarra/Source/otherApps/one/node_modules/react-tap-event-plugin/package.json
131 verbose targetResolver reading package data from /Users/riibarra/Source/otherApps/one/node_modules/reflux/package.json
132 verbose targetResolver reading package data from /Users/riibarra/Source/otherApps/one/node_modules/sass-loader/package.json
133 verbose targetResolver reading package data from /Users/riibarra/Source/otherApps/one/node_modules/style-loader/package.json
134 verbose targetResolver reading package data from /Users/riibarra/Source/otherApps/one/node_modules/webpack/package.json
135 verbose targetResolver reading package data from /Users/riibarra/Source/otherApps/one/node_modules/.bin/node-sass/package.json
136 verbose targetResolver reading package data from /Users/riibarra/Source/otherApps/one/node_modules/.bin/webpack/package.json
137 verbose already installed skipping react@^15.0.2 /Users/riibarra/Source/otherApps/one
138 silly install resolved []
139 verbose unlock done using /Users/riibarra/.npm/_locks/react-addons-test-utils-9eb97b1630ba8460.lock for /Users/riibarra/Source/otherApps/one/node_modules/react-addons-test-utils
140 verbose validateInstall loading /Users/riibarra/Source/otherApps/one/package.json for validation
141 verbose stack Error: The package react@0.14.8 does not satisfy its siblings' peerDependencies requirements!
141 verbose stack     at /usr/local/lib/node_modules/npm/lib/install.js:125:32
141 verbose stack     at /usr/local/lib/node_modules/npm/lib/install.js:268:7
141 verbose stack     at /usr/local/lib/node_modules/npm/node_modules/read-installed/read-installed.js:142:5
141 verbose stack     at /usr/local/lib/node_modules/npm/node_modules/read-installed/read-installed.js:263:14
141 verbose stack     at cb (/usr/local/lib/node_modules/npm/node_modules/slide/lib/async-map.js:47:24)
141 verbose stack     at /usr/local/lib/node_modules/npm/node_modules/read-installed/read-installed.js:263:14
141 verbose stack     at cb (/usr/local/lib/node_modules/npm/node_modules/slide/lib/async-map.js:47:24)
141 verbose stack     at /usr/local/lib/node_modules/npm/node_modules/read-installed/read-installed.js:263:14
141 verbose stack     at cb (/usr/local/lib/node_modules/npm/node_modules/slide/lib/async-map.js:47:24)
141 verbose stack     at /usr/local/lib/node_modules/npm/node_modules/read-installed/read-installed.js:263:14
142 verbose cwd /Users/riibarra/Source/otherApps/one
143 error Darwin 15.4.0
144 error argv "/usr/local/bin/node" "/usr/local/bin/npm" "install" "react-addons-test-utils" "--save-dev"
145 error node v4.4.0
146 error npm  v2.14.20
147 error code EPEERINVALID
148 error peerinvalid The package react@0.14.8 does not satisfy its siblings' peerDependencies requirements!
148 error peerinvalid Peer react-dom@0.14.8 wants react@^0.14.8
148 error peerinvalid Peer react-router@2.4.0 wants react@^0.14.0 || ^15.0.0
148 error peerinvalid Peer react-tap-event-plugin@0.2.2 wants react@^0.14.0
148 error peerinvalid Peer reflux@0.3.1 wants react@>=0.12.2 <0.15.0
148 error peerinvalid Peer react-addons-test-utils@15.0.2 wants react@^15.0.2
148 error peerinvalid Peer enzyme@2.2.0 wants react@0.13.x || 0.14.x || 15.* || ^15.0.0-rc
149 verbose exit [ 1, true ]
